<?xml version="1.0" encoding="UTF-8"?>
<!-- Generated by org.testng.reporters.JUnitReportReporter -->
<testsuite hostname="ULTP-478" name="RezoomexApplicantTrackingSystem.com.rats.ExtentReport" tests="11" failures="0" timestamp="25 Jun 2018 07:24:58 GMT" time="326.027" errors="0">
  <testcase name="openjobtobeannotatedtab" time="58.841" classname="RezoomexApplicantTrackingSystem.com.rats.ExtentReport"/>
  <testcase name="deletejob" time="26.115" classname="RezoomexApplicantTrackingSystem.com.rats.ExtentReport"/>
  <testcase name="automatedjob" time="30.599" classname="RezoomexApplicantTrackingSystem.com.rats.ExtentReport"/>
  <testcase name="refreshjob" time="18.883" classname="RezoomexApplicantTrackingSystem.com.rats.ExtentReport"/>
  <testcase name="ProcessJob" time="46.630" classname="RezoomexApplicantTrackingSystem.com.rats.ExtentReport"/>
  <testcase name="openjobannotatedtab" time="32.121" classname="RezoomexApplicantTrackingSystem.com.rats.ExtentReport"/>
  <testcase name="trackjob" time="25.312" classname="RezoomexApplicantTrackingSystem.com.rats.ExtentReport"/>
  <testcase name="downloadtracker" time="23.295" classname="RezoomexApplicantTrackingSystem.com.rats.ExtentReport"/>
  <testcase name="pageTitleTest" time="16.841" classname="RezoomexApplicantTrackingSystem.com.rats.ExtentReport"/>
  <testcase name="manualjob" time="32.558" classname="RezoomexApplicantTrackingSystem.com.rats.ExtentReport"/>
  <testcase name="logoutTest" time="14.832" classname="RezoomexApplicantTrackingSystem.com.rats.ExtentReport"/>
</testsuite> <!-- RezoomexApplicantTrackingSystem.com.rats.ExtentReport -->
