<?xml version="1.0" encoding="UTF-8"?>
<!-- Generated by org.testng.reporters.JUnitReportReporter -->
<testsuite hostname="ULTP-478" name="RezoomexApplicantTrackingSystem.com.rats.Resumeupload" tests="1" failures="0" timestamp="1 Aug 2018 09:29:01 GMT" time="217.960" errors="0">
  <testcase name="resumeupload" time="217.960" classname="RezoomexApplicantTrackingSystem.com.rats.Resumeupload"/>
</testsuite> <!-- RezoomexApplicantTrackingSystem.com.rats.Resumeupload -->
