<?xml version="1.0" encoding="UTF-8"?>
<!-- Generated by org.testng.reporters.JUnitReportReporter -->
<testsuite hostname="ULTP-478" name="RezoomexApplicantTrackingSystem.com.rats.ExtentReport" tests="11" failures="0" timestamp="26 Jun 2018 07:20:51 GMT" time="322.702" errors="0">
  <testcase name="pageTitleTest" time="9.306" classname="RezoomexApplicantTrackingSystem.com.rats.ExtentReport"/>
  <testcase name="ProcessJob" time="44.545" classname="RezoomexApplicantTrackingSystem.com.rats.ExtentReport"/>
  <testcase name="logoutTest" time="15.671" classname="RezoomexApplicantTrackingSystem.com.rats.ExtentReport"/>
  <testcase name="openjobtobeannotatedtab" time="61.008" classname="RezoomexApplicantTrackingSystem.com.rats.ExtentReport"/>
  <testcase name="deletejob" time="25.204" classname="RezoomexApplicantTrackingSystem.com.rats.ExtentReport"/>
  <testcase name="manualjob" time="39.303" classname="RezoomexApplicantTrackingSystem.com.rats.ExtentReport"/>
  <testcase name="downloadtracker" time="22.282" classname="RezoomexApplicantTrackingSystem.com.rats.ExtentReport"/>
  <testcase name="automatedjob" time="27.383" classname="RezoomexApplicantTrackingSystem.com.rats.ExtentReport"/>
  <testcase name="openjobannotatedtab" time="39.284" classname="RezoomexApplicantTrackingSystem.com.rats.ExtentReport"/>
  <testcase name="refreshjob" time="15.809" classname="RezoomexApplicantTrackingSystem.com.rats.ExtentReport"/>
  <testcase name="trackjob" time="22.907" classname="RezoomexApplicantTrackingSystem.com.rats.ExtentReport"/>
</testsuite> <!-- RezoomexApplicantTrackingSystem.com.rats.ExtentReport -->
