<?xml version="1.0" encoding="UTF-8"?>
<!-- Generated by org.testng.reporters.JUnitReportReporter -->
<testsuite hostname="ULTP-478" name="RezoomexApplicantTrackingSystem.com.rats.ExtentReport" tests="11" failures="0" timestamp="17 Jul 2018 04:22:37 GMT" time="296.243" errors="0">
  <testcase name="pageTitleTest" time="9.431" classname="RezoomexApplicantTrackingSystem.com.rats.ExtentReport"/>
  <testcase name="ProcessJob" time="42.892" classname="RezoomexApplicantTrackingSystem.com.rats.ExtentReport"/>
  <testcase name="logoutTest" time="12.650" classname="RezoomexApplicantTrackingSystem.com.rats.ExtentReport"/>
  <testcase name="openjobtobeannotatedtab" time="59.488" classname="RezoomexApplicantTrackingSystem.com.rats.ExtentReport"/>
  <testcase name="deletejob" time="24.196" classname="RezoomexApplicantTrackingSystem.com.rats.ExtentReport"/>
  <testcase name="manualjob" time="31.989" classname="RezoomexApplicantTrackingSystem.com.rats.ExtentReport"/>
  <testcase name="downloadtracker" time="21.682" classname="RezoomexApplicantTrackingSystem.com.rats.ExtentReport"/>
  <testcase name="automatedjob" time="26.780" classname="RezoomexApplicantTrackingSystem.com.rats.ExtentReport"/>
  <testcase name="openjobannotatedtab" time="30.935" classname="RezoomexApplicantTrackingSystem.com.rats.ExtentReport"/>
  <testcase name="refreshjob" time="14.568" classname="RezoomexApplicantTrackingSystem.com.rats.ExtentReport"/>
  <testcase name="trackjob" time="21.632" classname="RezoomexApplicantTrackingSystem.com.rats.ExtentReport"/>
</testsuite> <!-- RezoomexApplicantTrackingSystem.com.rats.ExtentReport -->
