<?xml version="1.0" encoding="UTF-8"?>
<!-- Generated by org.testng.reporters.JUnitReportReporter -->
<testsuite hostname="ULTP-478" name="RezoomexApplicantTrackingSystem.com.rats.ExtentReport" tests="11" failures="0" timestamp="18 Jul 2018 11:43:35 GMT" time="301.698" errors="0">
  <testcase name="pageTitleTest" time="11.469" classname="RezoomexApplicantTrackingSystem.com.rats.ExtentReport"/>
  <testcase name="ProcessJob" time="43.015" classname="RezoomexApplicantTrackingSystem.com.rats.ExtentReport"/>
  <testcase name="logoutTest" time="14.669" classname="RezoomexApplicantTrackingSystem.com.rats.ExtentReport"/>
  <testcase name="openjobtobeannotatedtab" time="59.891" classname="RezoomexApplicantTrackingSystem.com.rats.ExtentReport"/>
  <testcase name="deletejob" time="24.726" classname="RezoomexApplicantTrackingSystem.com.rats.ExtentReport"/>
  <testcase name="manualjob" time="31.557" classname="RezoomexApplicantTrackingSystem.com.rats.ExtentReport"/>
  <testcase name="downloadtracker" time="21.474" classname="RezoomexApplicantTrackingSystem.com.rats.ExtentReport"/>
  <testcase name="automatedjob" time="27.836" classname="RezoomexApplicantTrackingSystem.com.rats.ExtentReport"/>
  <testcase name="openjobannotatedtab" time="30.439" classname="RezoomexApplicantTrackingSystem.com.rats.ExtentReport"/>
  <testcase name="refreshjob" time="15.262" classname="RezoomexApplicantTrackingSystem.com.rats.ExtentReport"/>
  <testcase name="trackjob" time="21.360" classname="RezoomexApplicantTrackingSystem.com.rats.ExtentReport"/>
</testsuite> <!-- RezoomexApplicantTrackingSystem.com.rats.ExtentReport -->
